<?xml version="1.0" encoding="UTF-8"?>
<testng-results skipped="0" failed="0" ignored="1" total="2" passed="1">
  <reporter-output>
  </reporter-output>
  <suite name="Suite" duration-ms="30552" started-at="2018-06-06T01:23:08Z" finished-at="2018-06-06T01:23:39Z">
    <groups>
    </groups>
    <test name="FlexTest" duration-ms="30552" started-at="2018-06-06T01:23:08Z" finished-at="2018-06-06T01:23:39Z">
      <class name="Application.GoogleExtensions_Test">
        <test-method status="PASS" signature="SetUpTestData(java.lang.reflect.Method)[pri:0, instance:Application.GoogleExtensions_Test@ea6147e]" name="SetUpTestData" is-config="true" duration-ms="17782" started-at="2018-06-06T01:23:08Z" finished-at="2018-06-06T01:23:26Z">
          <params>
            <param index="0">
              <value>
                <![CDATA[public void Application.GoogleExtensions_Test.TC003_CheckSettingDetails()]]>
              </value>
            </param>
          </params>
          <reporter-output>
          </reporter-output>
        </test-method> <!-- SetUpTestData -->
        <test-method status="PASS" signature="TC003_CheckSettingDetails()[pri:0, instance:Application.GoogleExtensions_Test@ea6147e]" name="TC003_CheckSettingDetails" duration-ms="10872" started-at="2018-06-06T01:23:26Z" finished-at="2018-06-06T01:23:37Z">
          <reporter-output>
          </reporter-output>
        </test-method> <!-- TC003_CheckSettingDetails -->
        <test-method status="PASS" signature="tearDown(org.testng.ITestResult)[pri:0, instance:Application.GoogleExtensions_Test@ea6147e]" name="tearDown" is-config="true" duration-ms="1601" started-at="2018-06-06T01:23:37Z" finished-at="2018-06-06T01:23:38Z">
          <params>
            <param index="0">
              <value>
                <![CDATA[[TestResult name=TC003_CheckSettingDetails status=SUCCESS method=GoogleExtensions_Test.TC003_CheckSettingDetails()[pri:0, instance:Application.GoogleExtensions_Test@ea6147e] output={null}]]]>
              </value>
            </param>
          </params>
          <reporter-output>
          </reporter-output>
        </test-method> <!-- tearDown -->
        <test-method status="PASS" signature="afterSuiteMethod()[pri:0, instance:Application.GoogleExtensions_Test@ea6147e]" name="afterSuiteMethod" is-config="true" duration-ms="93" started-at="2018-06-06T01:23:38Z" finished-at="2018-06-06T01:23:39Z">
          <reporter-output>
          </reporter-output>
        </test-method> <!-- afterSuiteMethod -->
      </class> <!-- Application.GoogleExtensions_Test -->
    </test> <!-- FlexTest -->
  </suite> <!-- Suite -->
</testng-results>
