<?xml version="1.0" encoding="UTF-8"?>
<!-- Generated by org.testng.reporters.JUnitXMLReporter -->
<testsuite hostname="DESKTOP-UQS6Q4I" ignored="1" name="FlexTest" tests="1" failures="0" timestamp="06 Jun 2018 01:23:39 GMT" time="30.552" errors="0">
  <testcase name="TC003_CheckSettingDetails" time="10.872" classname="Application.GoogleExtensions_Test"/>
  <testcase name="TC001_CheckSearchBox" time="0.0" classname="Application.GoogleExtensions_Test">
    <ignored/>
  </testcase> <!-- TC001_CheckSearchBox -->
</testsuite> <!-- FlexTest -->
